<?xml version="1.0" encoding="UTF-8"?>
<testsuite xmlns:xsi="http://www.w3.org/2001/XMLSchema-instance" xsi:noNamespaceSchemaLocation="https://maven.apache.org/surefire/maven-surefire-plugin/xsd/surefire-test-report.xsd" name="TestRunner" time="143.894" tests="16" errors="2" skipped="0" failures="2">
  <properties>
[...]
</properties>
  <testcase name="Given User is on the &quot;https://www.avanade.com/en&quot; page" classname="Scenario: Looking for positions in Cracow" time="0.003"/>
  <testcase name="And User navigates to Career block" classname="Scenario: Looking for positions in Cracow" time="0"/>
  <testcase name="When User looking for &quot; &quot; available positions in &quot;Poland&quot;" classname="Scenario: Looking for positions in Cracow" time="0"/>
  <testcase name="Then User see more than 5 positions available in &quot;Krakow&quot;" classname="Scenario: Looking for positions in Cracow" time="0.001">
    <failure message="Number of positions is less than expected. Expected: 5 but actual is 4" type="java.lang.AssertionError">java.lang.AssertionError: Number of positions is less than expected. Expected: 5 but actual is 4
</failure>
    <system-err><![CDATA[Unable to read VR Path Registry from C:\Users\agrebenkina\AppData\Local\openvr\openvrpaths.vrpath
JavaScript error: https://careers.avanade.com/dist/js/app.js, line 3: Error: 10 $digest() iterations reached. Aborting!
Watchers fired in the last 5 iterations: [["fn: function(){var oldUrl=$browser.url(),currentReplace=$location.$$replace;return changeCounter&&oldUrl==$location.absUrl()||(changeCounter++,$rootScope.$evalAsync(function(){$rootScope.$broadcast(\"$locationChangeStart\",$location.absUrl(),oldUrl).defaultPrevented?$location.$$parse(oldUrl):($browser.url($location.absUrl(),currentReplace),afterLocationChange(oldUrl))\n})),$location.$$replace=!1,changeCounter}; newVal: 9; oldVal: 8"],["fn: function(){var oldUrl=$browser.url(),currentReplace=$location.$$replace;return changeCounter&&oldUrl==$location.absUrl()||(changeCounter++,$rootScope.$evalAsync(function(){$rootScope.$broadcast(\"$locationChangeStart\",$location.absUrl(),oldUrl).defaultPrevented?$location.$$parse(oldUrl):($browser.url($location.absUrl(),currentReplace),afterLocationChange(oldUrl))\n})),$location.$$replace=!1,changeCounter}; newVal: 10; oldVal: 9"],["fn: function(){var oldUrl=$browser.url(),currentReplace=$location.$$replace;return changeCounter&&oldUrl==$location.absUrl()||(changeCounter++,$rootScope.$evalAsync(function(){$rootScope.$broadcast(\"$locationChangeStart\",$location.absUrl(),oldUrl).defaultPrevented?$location.$$parse(oldUrl):($browser.url($location.absUrl(),currentReplace),afterLocationChange(oldUrl))\n})),$location.$$replace=!1,changeCounter}; newVal: 11; oldVal: 10"],["fn: function(){var oldUrl=$browser.url(),currentReplace=$location.$$replace;return changeCounter&&oldUrl==$location.absUrl()||(changeCounter++,$rootScope.$evalAsync(function(){$rootScope.$broadcast(\"$locationChangeStart\",$location.absUrl(),oldUrl).defaultPrevented?$location.$$parse(oldUrl):($browser.url($location.absUrl(),currentReplace),afterLocationChange(oldUrl))\n})),$location.$$replace=!1,changeCounter}; newVal: 12; oldVal: 11"],["fn: function(){var oldUrl=$browser.url(),currentReplace=$location.$$replace;return changeCounter&&oldUrl==$location.absUrl()||(changeCounter++,$rootScope.$evalAsync(function(){$rootScope.$broadcast(\"$locationChangeStart\",$location.absUrl(),oldUrl).defaultPrevented?$location.$$parse(oldUrl):($browser.url($location.absUrl(),currentReplace),afterLocationChange(oldUrl))\n})),$location.$$replace=!1,changeCounter}; newVal: 13; oldVal: 12"]]
JavaScript error: https://careers.avanade.com/dist/js/app.js, line 3: Error: 10 $digest() iterations reached. Aborting!
Watchers fired in the last 5 iterations: [["fn: function(){var oldUrl=$browser.url(),currentReplace=$location.$$replace;return changeCounter&&oldUrl==$location.absUrl()||(changeCounter++,$rootScope.$evalAsync(function(){$rootScope.$broadcast(\"$locationChangeStart\",$location.absUrl(),oldUrl).defaultPrevented?$location.$$parse(oldUrl):($browser.url($location.absUrl(),currentReplace),afterLocationChange(oldUrl))\n})),$location.$$replace=!1,changeCounter}; newVal: 20; oldVal: 19"],["fn: function(){var oldUrl=$browser.url(),currentReplace=$location.$$replace;return changeCounter&&oldUrl==$location.absUrl()||(changeCounter++,$rootScope.$evalAsync(function(){$rootScope.$broadcast(\"$locationChangeStart\",$location.absUrl(),oldUrl).defaultPrevented?$location.$$parse(oldUrl):($browser.url($location.absUrl(),currentReplace),afterLocationChange(oldUrl))\n})),$location.$$replace=!1,changeCounter}; newVal: 21; oldVal: 20"],["fn: function(){var oldUrl=$browser.url(),currentReplace=$location.$$replace;return changeCounter&&oldUrl==$location.absUrl()||(changeCounter++,$rootScope.$evalAsync(function(){$rootScope.$broadcast(\"$locationChangeStart\",$location.absUrl(),oldUrl).defaultPrevented?$location.$$parse(oldUrl):($browser.url($location.absUrl(),currentReplace),afterLocationChange(oldUrl))\n})),$location.$$replace=!1,changeCounter}; newVal: 22; oldVal: 21"],["fn: function(){var oldUrl=$browser.url(),currentReplace=$location.$$replace;return changeCounter&&oldUrl==$location.absUrl()||(changeCounter++,$rootScope.$evalAsync(function(){$rootScope.$broadcast(\"$locationChangeStart\",$location.absUrl(),oldUrl).defaultPrevented?$location.$$parse(oldUrl):($browser.url($location.absUrl(),currentReplace),afterLocationChange(oldUrl))\n})),$location.$$replace=!1,changeCounter}; newVal: 23; oldVal: 22"],["fn: function(){var oldUrl=$browser.url(),currentReplace=$location.$$replace;return changeCounter&&oldUrl==$location.absUrl()||(changeCounter++,$rootScope.$evalAsync(function(){$rootScope.$broadcast(\"$locationChangeStart\",$location.absUrl(),oldUrl).defaultPrevented?$location.$$parse(oldUrl):($browser.url($location.absUrl(),currentReplace),afterLocationChange(oldUrl))\n})),$location.$$replace=!1,changeCounter}; newVal: 24; oldVal: 23"]]
JavaScript error: https://careers.avanade.com/dist/js/app.js, line 3: Error: 10 $digest() iterations reached. Aborting!
Watchers fired in the last 5 iterations: [["fn: function(){var oldUrl=$browser.url(),currentReplace=$location.$$replace;return changeCounter&&oldUrl==$location.absUrl()||(changeCounter++,$rootScope.$evalAsync(function(){$rootScope.$broadcast(\"$locationChangeStart\",$location.absUrl(),oldUrl).defaultPrevented?$location.$$parse(oldUrl):($browser.url($location.absUrl(),currentReplace),afterLocationChange(oldUrl))\n})),$location.$$replace=!1,changeCounter}; newVal: 31; oldVal: 30"],["fn: function(){var oldUrl=$browser.url(),currentReplace=$location.$$replace;return changeCounter&&oldUrl==$location.absUrl()||(changeCounter++,$rootScope.$evalAsync(function(){$rootScope.$broadcast(\"$locationChangeStart\",$location.absUrl(),oldUrl).defaultPrevented?$location.$$parse(oldUrl):($browser.url($location.absUrl(),currentReplace),afterLocationChange(oldUrl))\n})),$location.$$replace=!1,changeCounter}; newVal: 32; oldVal: 31"],["fn: function(){var oldUrl=$browser.url(),currentReplace=$location.$$replace;return changeCounter&&oldUrl==$location.absUrl()||(changeCounter++,$rootScope.$evalAsync(function(){$rootScope.$broadcast(\"$locationChangeStart\",$location.absUrl(),oldUrl).defaultPrevented?$location.$$parse(oldUrl):($browser.url($location.absUrl(),currentReplace),afterLocationChange(oldUrl))\n})),$location.$$replace=!1,changeCounter}; newVal: 33; oldVal: 32"],["fn: function(){var oldUrl=$browser.url(),currentReplace=$location.$$replace;return changeCounter&&oldUrl==$location.absUrl()||(changeCounter++,$rootScope.$evalAsync(function(){$rootScope.$broadcast(\"$locationChangeStart\",$location.absUrl(),oldUrl).defaultPrevented?$location.$$parse(oldUrl):($browser.url($location.absUrl(),currentReplace),afterLocationChange(oldUrl))\n})),$location.$$replace=!1,changeCounter}; newVal: 34; oldVal: 33"],["fn: function(){var oldUrl=$browser.url(),currentReplace=$location.$$replace;return changeCounter&&oldUrl==$location.absUrl()||(changeCounter++,$rootScope.$evalAsync(function(){$rootScope.$broadcast(\"$locationChangeStart\",$location.absUrl(),oldUrl).defaultPrevented?$location.$$parse(oldUrl):($browser.url($location.absUrl(),currentReplace),afterLocationChange(oldUrl))\n})),$location.$$replace=!1,changeCounter}; newVal: 35; oldVal: 34"]]
JavaScript error: https://careers.avanade.com/dist/js/app.js, line 3: Error: 10 $digest() iterations reached. Aborting!
Watchers fired in the last 5 iterations: [["fn: function(){var oldUrl=$browser.url(),currentReplace=$location.$$replace;return changeCounter&&oldUrl==$location.absUrl()||(changeCounter++,$rootScope.$evalAsync(function(){$rootScope.$broadcast(\"$locationChangeStart\",$location.absUrl(),oldUrl).defaultPrevented?$location.$$parse(oldUrl):($browser.url($location.absUrl(),currentReplace),afterLocationChange(oldUrl))\n})),$location.$$replace=!1,changeCounter}; newVal: 42; oldVal: 41"],["fn: function(){var oldUrl=$browser.url(),currentReplace=$location.$$replace;return changeCounter&&oldUrl==$location.absUrl()||(changeCounter++,$rootScope.$evalAsync(function(){$rootScope.$broadcast(\"$locationChangeStart\",$location.absUrl(),oldUrl).defaultPrevented?$location.$$parse(oldUrl):($browser.url($location.absUrl(),currentReplace),afterLocationChange(oldUrl))\n})),$location.$$replace=!1,changeCounter}; newVal: 43; oldVal: 42"],["fn: function(){var oldUrl=$browser.url(),currentReplace=$location.$$replace;return changeCounter&&oldUrl==$location.absUrl()||(changeCounter++,$rootScope.$evalAsync(function(){$rootScope.$broadcast(\"$locationChangeStart\",$location.absUrl(),oldUrl).defaultPrevented?$location.$$parse(oldUrl):($browser.url($location.absUrl(),currentReplace),afterLocationChange(oldUrl))\n})),$location.$$replace=!1,changeCounter}; newVal: 44; oldVal: 43"],["fn: function(){var oldUrl=$browser.url(),currentReplace=$location.$$replace;return changeCounter&&oldUrl==$location.absUrl()||(changeCounter++,$rootScope.$evalAsync(function(){$rootScope.$broadcast(\"$locationChangeStart\",$location.absUrl(),oldUrl).defaultPrevented?$location.$$parse(oldUrl):($browser.url($location.absUrl(),currentReplace),afterLocationChange(oldUrl))\n})),$location.$$replace=!1,changeCounter}; newVal: 45; oldVal: 44"],["fn: function(){var oldUrl=$browser.url(),currentReplace=$location.$$replace;return changeCounter&&oldUrl==$location.absUrl()||(changeCounter++,$rootScope.$evalAsync(function(){$rootScope.$broadcast(\"$locationChangeStart\",$location.absUrl(),oldUrl).defaultPrevented?$location.$$parse(oldUrl):($browser.url($location.absUrl(),currentReplace),afterLocationChange(oldUrl))\n})),$location.$$replace=!1,changeCounter}; newVal: 46; oldVal: 45"]]
JavaScript error: https://careers.avanade.com/dist/js/app.js, line 3: Error: 10 $digest() iterations reached. Aborting!
Watchers fired in the last 5 iterations: [["fn: function(){var oldUrl=$browser.url(),currentReplace=$location.$$replace;return changeCounter&&oldUrl==$location.absUrl()||(changeCounter++,$rootScope.$evalAsync(function(){$rootScope.$broadcast(\"$locationChangeStart\",$location.absUrl(),oldUrl).defaultPrevented?$location.$$parse(oldUrl):($browser.url($location.absUrl(),currentReplace),afterLocationChange(oldUrl))\n})),$location.$$replace=!1,changeCounter}; newVal: 53; oldVal: 52"],["fn: function(){var oldUrl=$browser.url(),currentReplace=$location.$$replace;return changeCounter&&oldUrl==$location.absUrl()||(changeCounter++,$rootScope.$evalAsync(function(){$rootScope.$broadcast(\"$locationChangeStart\",$location.absUrl(),oldUrl).defaultPrevented?$location.$$parse(oldUrl):($browser.url($location.absUrl(),currentReplace),afterLocationChange(oldUrl))\n})),$location.$$replace=!1,changeCounter}; newVal: 54; oldVal: 53"],["fn: function(){var oldUrl=$browser.url(),currentReplace=$location.$$replace;return changeCounter&&oldUrl==$location.absUrl()||(changeCounter++,$rootScope.$evalAsync(function(){$rootScope.$broadcast(\"$locationChangeStart\",$location.absUrl(),oldUrl).defaultPrevented?$location.$$parse(oldUrl):($browser.url($location.absUrl(),currentReplace),afterLocationChange(oldUrl))\n})),$location.$$replace=!1,changeCounter}; newVal: 55; oldVal: 54"],["fn: function(){var oldUrl=$browser.url(),currentReplace=$location.$$replace;return changeCounter&&oldUrl==$location.absUrl()||(changeCounter++,$rootScope.$evalAsync(function(){$rootScope.$broadcast(\"$locationChangeStart\",$location.absUrl(),oldUrl).defaultPrevented?$location.$$parse(oldUrl):($browser.url($location.absUrl(),currentReplace),afterLocationChange(oldUrl))\n})),$location.$$replace=!1,changeCounter}; newVal: 56; oldVal: 55"],["fn: function(){var oldUrl=$browser.url(),currentReplace=$location.$$replace;return changeCounter&&oldUrl==$location.absUrl()||(changeCounter++,$rootScope.$evalAsync(function(){$rootScope.$broadcast(\"$locationChangeStart\",$location.absUrl(),oldUrl).defaultPrevented?$location.$$parse(oldUrl):($browser.url($location.absUrl(),currentReplace),afterLocationChange(oldUrl))\n})),$location.$$replace=!1,changeCounter}; newVal: 57; oldVal: 56"]]
JavaScript error: https://careers.avanade.com/dist/js/app.js, line 3: Error: 10 $digest() iterations reached. Aborting!
Watchers fired in the last 5 iterations: [["fn: function(){var oldUrl=$browser.url(),currentReplace=$location.$$replace;return changeCounter&&oldUrl==$location.absUrl()||(changeCounter++,$rootScope.$evalAsync(function(){$rootScope.$broadcast(\"$locationChangeStart\",$location.absUrl(),oldUrl).defaultPrevented?$location.$$parse(oldUrl):($browser.url($location.absUrl(),currentReplace),afterLocationChange(oldUrl))\n})),$location.$$replace=!1,changeCounter}; newVal: 64; oldVal: 63"],["fn: function(){var oldUrl=$browser.url(),currentReplace=$location.$$replace;return changeCounter&&oldUrl==$location.absUrl()||(changeCounter++,$rootScope.$evalAsync(function(){$rootScope.$broadcast(\"$locationChangeStart\",$location.absUrl(),oldUrl).defaultPrevented?$location.$$parse(oldUrl):($browser.url($location.absUrl(),currentReplace),afterLocationChange(oldUrl))\n})),$location.$$replace=!1,changeCounter}; newVal: 65; oldVal: 64"],["fn: function(){var oldUrl=$browser.url(),currentReplace=$location.$$replace;return changeCounter&&oldUrl==$location.absUrl()||(changeCounter++,$rootScope.$evalAsync(function(){$rootScope.$broadcast(\"$locationChangeStart\",$location.absUrl(),oldUrl).defaultPrevented?$location.$$parse(oldUrl):($browser.url($location.absUrl(),currentReplace),afterLocationChange(oldUrl))\n})),$location.$$replace=!1,changeCounter}; newVal: 66; oldVal: 65"],["fn: function(){var oldUrl=$browser.url(),currentReplace=$location.$$replace;return changeCounter&&oldUrl==$location.absUrl()||(changeCounter++,$rootScope.$evalAsync(function(){$rootScope.$broadcast(\"$locationChangeStart\",$location.absUrl(),oldUrl).defaultPrevented?$location.$$parse(oldUrl):($browser.url($location.absUrl(),currentReplace),afterLocationChange(oldUrl))\n})),$location.$$replace=!1,changeCounter}; newVal: 67; oldVal: 66"],["fn: function(){var oldUrl=$browser.url(),currentReplace=$location.$$replace;return changeCounter&&oldUrl==$location.absUrl()||(changeCounter++,$rootScope.$evalAsync(function(){$rootScope.$broadcast(\"$locationChangeStart\",$location.absUrl(),oldUrl).defaultPrevented?$location.$$parse(oldUrl):($browser.url($location.absUrl(),currentReplace),afterLocationChange(oldUrl))\n})),$location.$$replace=!1,changeCounter}; newVal: 68; oldVal: 67"]]
]]></system-err>
  </testcase>
  <testcase name="Scenario: Looking for positions in Cracow" classname="Scenario: Looking for positions in Cracow" time="0.001">
    <failure message="Number of positions is less than expected. Expected: 5 but actual is 4" type="java.lang.AssertionError">java.lang.AssertionError: Number of positions is less than expected. Expected: 5 but actual is 4
</failure>
  </testcase>
  <testcase name="Given User is on the &quot;https://www.avanade.com/en&quot; page" classname="Scenario: Looking for positions in Warsaw" time="0"/>
  <testcase name="And User navigates to Career block" classname="Scenario: Looking for positions in Warsaw" time="0"/>
  <testcase name="When User looking for &quot; &quot; available positions in &quot;Poland&quot;" classname="Scenario: Looking for positions in Warsaw" time="0"/>
  <testcase name="Then User see more than 0 positions available in &quot;Warsaw&quot;" classname="Scenario: Looking for positions in Warsaw" time="0"/>
  <testcase name="Scenario: Looking for positions in Warsaw" classname="Scenario: Looking for positions in Warsaw" time="0.602"/>
  <testcase name="Given User is on the &quot;https://www.avanade.com/en&quot; page" classname="Scenario: Check qualification in a job offer" time="0"/>
  <testcase name="And User navigates to Career block" classname="Scenario: Check qualification in a job offer" time="0"/>
  <testcase name="And User looking for &quot;Entry Level Software Engineer&quot; available positions in &quot;All Locations&quot;" classname="Scenario: Check qualification in a job offer" time="0"/>
  <testcase name="When User navigates to a job description for &quot;Entry Level Software Engineer, Seattle&quot;" classname="Scenario: Check qualification in a job offer" time="0"/>
  <testcase name="Then User see qualification &quot;Strong time management skills&quot; in the job description" classname="Scenario: Check qualification in a job offer" time="0.001">
    <error message="Expected condition failed: waiting for visibility of Proxy element for: DefaultElementLocator &apos;By.className: descr-container&apos; (tried for 10 second(s) with 2 SECONDS interval)" type="org.openqa.selenium.TimeoutException">org.openqa.selenium.TimeoutException: Expected condition failed: waiting for visibility of Proxy element for: DefaultElementLocator 'By.className: descr-container' (tried for 10 second(s) with 2 SECONDS interval)
Caused by: org.openqa.selenium.NoSuchElementException: 
Unable to locate element: .descr\-container
For documentation on this error, please visit: http://seleniumhq.org/exceptions/no_such_element.html
Build info: version: '3.6.0', revision: '6fbf3ec767', time: '2017-09-27T15:28:36.4Z'
System info: host: 'AGREBENKINA', ip: '172.31.213.95', os.name: 'Windows 8.1', os.arch: 'x86', os.version: '6.3', java.version: '1.8.0_111'
Driver info: org.openqa.selenium.firefox.FirefoxDriver
Capabilities [{moz:profile=C:\Users\agrebenkina\AppData\Local\Temp\rust_mozprofile.7yWwtuQ9BaYB, rotatable=false, timeouts={implicit=0, pageLoad=300000, script=30000}, pageLoadStrategy=normal, moz:headless=false, platform=XP, moz:accessibilityChecks=false, acceptInsecureCerts=true, browserVersion=57.0.4, platformVersion=6.3, moz:processID=6536, browserName=firefox, javascriptEnabled=true, platformName=XP, moz:webdriverClick=false}]
Session ID: 3241ec0c-5295-4169-89f3-3ab295612328
*** Element info: {Using=class name, value=descr-container}
</error>
  </testcase>
  <testcase name="Scenario: Check qualification in a job offer" classname="Scenario: Check qualification in a job offer" time="0.001">
    <error message="Expected condition failed: waiting for visibility of Proxy element for: DefaultElementLocator &apos;By.className: descr-container&apos; (tried for 10 second(s) with 2 SECONDS interval)" type="org.openqa.selenium.TimeoutException">org.openqa.selenium.TimeoutException: Expected condition failed: waiting for visibility of Proxy element for: DefaultElementLocator 'By.className: descr-container' (tried for 10 second(s) with 2 SECONDS interval)
Caused by: org.openqa.selenium.NoSuchElementException: 
Unable to locate element: .descr\-container
For documentation on this error, please visit: http://seleniumhq.org/exceptions/no_such_element.html
Build info: version: '3.6.0', revision: '6fbf3ec767', time: '2017-09-27T15:28:36.4Z'
System info: host: 'AGREBENKINA', ip: '172.31.213.95', os.name: 'Windows 8.1', os.arch: 'x86', os.version: '6.3', java.version: '1.8.0_111'
Driver info: org.openqa.selenium.firefox.FirefoxDriver
Capabilities [{moz:profile=C:\Users\agrebenkina\AppData\Local\Temp\rust_mozprofile.7yWwtuQ9BaYB, rotatable=false, timeouts={implicit=0, pageLoad=300000, script=30000}, pageLoadStrategy=normal, moz:headless=false, platform=XP, moz:accessibilityChecks=false, acceptInsecureCerts=true, browserVersion=57.0.4, platformVersion=6.3, moz:processID=6536, browserName=firefox, javascriptEnabled=true, platformName=XP, moz:webdriverClick=false}]
Session ID: 3241ec0c-5295-4169-89f3-3ab295612328
*** Element info: {Using=class name, value=descr-container}
</error>
  </testcase>
</testsuite>